Started GET "/" for 127.0.0.1 at 2018-05-25 11:42:52 +0530

ActiveRecord::PendingMigrationError - Migrations are pending. To resolve this issue, run:

        bin/rails db:migrate RAILS_ENV=development

:

Started POST "/__better_errors/b82688a79458e073/variables" for 127.0.0.1 at 2018-05-25 11:42:53 +0530
  [1m[35m (87.6ms)[0m  [1m[35mCREATE TABLE "schema_migrations" ("version" varchar NOT NULL PRIMARY KEY)[0m
  [1m[35m (78.0ms)[0m  [1m[35mCREATE TABLE "ar_internal_metadata" ("key" varchar NOT NULL PRIMARY KEY, "value" varchar, "created_at" datetime NOT NULL, "updated_at" datetime NOT NULL)[0m
  [1m[36mActiveRecord::SchemaMigration Load (0.1ms)[0m  [1m[34mSELECT "schema_migrations".* FROM "schema_migrations"[0m
Migrating to DeviseCreateUsers (20140828012909)
  [1m[35m (0.1ms)[0m  [1m[36mbegin transaction[0m
DEPRECATION WARNING: Directly inheriting from ActiveRecord::Migration is deprecated. Please specify the Rails release the migration was written for:

  class DeviseCreateUsers < ActiveRecord::Migration[4.2] (called from load at /home/ramu/.rvm/gems/ruby-2.5.1/bin/rake:23)
  [1m[35m (0.3ms)[0m  [1m[35mCREATE TABLE "users" ("id" INTEGER PRIMARY KEY AUTOINCREMENT NOT NULL, "email" varchar DEFAULT '' NOT NULL, "encrypted_password" varchar DEFAULT '' NOT NULL, "reset_password_token" varchar, "reset_password_sent_at" datetime, "remember_created_at" datetime, "sign_in_count" integer DEFAULT 0 NOT NULL, "current_sign_in_at" datetime, "last_sign_in_at" datetime, "current_sign_in_ip" varchar, "last_sign_in_ip" varchar, "created_at" datetime, "updated_at" datetime)[0m
  [1m[35m (0.0ms)[0m  [1m[34mselect sqlite_version(*)[0m
  [1m[35m (0.1ms)[0m  [1m[35mCREATE UNIQUE INDEX "index_users_on_email" ON "users" ("email")[0m
  [1m[35m (0.1ms)[0m  [1m[34m            SELECT sql
            FROM sqlite_master
            WHERE name='index_users_on_email' AND type='index'
            UNION ALL
            SELECT sql
            FROM sqlite_temp_master
            WHERE name='index_users_on_email' AND type='index'
[0m
  [1m[35m (0.1ms)[0m  [1m[35mCREATE UNIQUE INDEX "index_users_on_reset_password_token" ON "users" ("reset_password_token")[0m
  [1m[35mSQL (0.1ms)[0m  [1m[32mINSERT INTO "schema_migrations" ("version") VALUES (?)[0m  [["version", "20140828012909"]]
  [1m[35m (83.6ms)[0m  [1m[36mcommit transaction[0m
Migrating to AddNameToUsers (20140828012911)
  [1m[35m (0.1ms)[0m  [1m[36mbegin transaction[0m
DEPRECATION WARNING: Directly inheriting from ActiveRecord::Migration is deprecated. Please specify the Rails release the migration was written for:

  class AddNameToUsers < ActiveRecord::Migration[4.2] (called from load at /home/ramu/.rvm/gems/ruby-2.5.1/bin/rake:23)
  [1m[35m (0.5ms)[0m  [1m[35mALTER TABLE "users" ADD "name" varchar[0m
  [1m[35mSQL (0.2ms)[0m  [1m[32mINSERT INTO "schema_migrations" ("version") VALUES (?)[0m  [["version", "20140828012911"]]
  [1m[35m (49.3ms)[0m  [1m[36mcommit transaction[0m
Migrating to AddRoleToUsers (20140828012915)
  [1m[35m (0.1ms)[0m  [1m[36mbegin transaction[0m
DEPRECATION WARNING: Directly inheriting from ActiveRecord::Migration is deprecated. Please specify the Rails release the migration was written for:

  class AddRoleToUsers < ActiveRecord::Migration[4.2] (called from load at /home/ramu/.rvm/gems/ruby-2.5.1/bin/rake:23)
  [1m[35m (0.3ms)[0m  [1m[35mALTER TABLE "users" ADD "role" integer[0m
  [1m[35mSQL (0.1ms)[0m  [1m[32mINSERT INTO "schema_migrations" ("version") VALUES (?)[0m  [["version", "20140828012915"]]
  [1m[35m (52.1ms)[0m  [1m[36mcommit transaction[0m
  [1m[36mActiveRecord::InternalMetadata Load (0.1ms)[0m  [1m[34mSELECT  "ar_internal_metadata".* FROM "ar_internal_metadata" WHERE "ar_internal_metadata"."key" = ? LIMIT ?[0m  [["key", "environment"], ["LIMIT", 1]]
  [1m[35m (0.0ms)[0m  [1m[36mbegin transaction[0m
  [1m[35mSQL (0.1ms)[0m  [1m[32mINSERT INTO "ar_internal_metadata" ("key", "value", "created_at", "updated_at") VALUES (?, ?, ?, ?)[0m  [["key", "environment"], ["value", "development"], ["created_at", "2018-05-25 06:13:17.036887"], ["updated_at", "2018-05-25 06:13:17.036887"]]
  [1m[35m (49.6ms)[0m  [1m[36mcommit transaction[0m
  [1m[36mActiveRecord::SchemaMigration Load (0.1ms)[0m  [1m[34mSELECT "schema_migrations".* FROM "schema_migrations"[0m
  [1m[35m (0.1ms)[0m  [1m[34m            SELECT sql
            FROM sqlite_master
            WHERE name='index_users_on_reset_password_token' AND type='index'
            UNION ALL
            SELECT sql
            FROM sqlite_temp_master
            WHERE name='index_users_on_reset_password_token' AND type='index'
[0m
  [1m[35m (0.1ms)[0m  [1m[34m            SELECT sql
            FROM sqlite_master
            WHERE name='index_users_on_email' AND type='index'
            UNION ALL
            SELECT sql
            FROM sqlite_temp_master
            WHERE name='index_users_on_email' AND type='index'
[0m
Started GET "/" for 127.0.0.1 at 2018-05-25 11:43:27 +0530
  [1m[36mActiveRecord::SchemaMigration Load (0.1ms)[0m  [1m[34mSELECT "schema_migrations".* FROM "schema_migrations"[0m
Processing by VisitorsController#index as HTML
  Rendering visitors/index.html.erb within layouts/application
  [1m[35m (0.1ms)[0m  [1m[34mSELECT COUNT(*) FROM "users"[0m
  Rendered visitors/index.html.erb within layouts/application (23.7ms)
  Rendered layouts/_navigation_links.html.erb (0.5ms)
  Rendered layouts/_nav_links_for_auth.html.erb (5.8ms)
  Rendered layouts/_navigation.html.erb (16.2ms)
  Rendered layouts/_messages.html.erb (0.4ms)
Completed 200 OK in 4280ms (Views: 4242.2ms | ActiveRecord: 0.3ms)


Started GET "/" for 127.0.0.1 at 2018-05-25 11:43:36 +0530
Processing by VisitorsController#index as HTML
  Rendering visitors/index.html.erb within layouts/application
  [1m[35m (0.4ms)[0m  [1m[34mSELECT COUNT(*) FROM "users"[0m
  Rendered visitors/index.html.erb within layouts/application (1.9ms)
  Rendered layouts/_navigation_links.html.erb (0.3ms)
  Rendered layouts/_nav_links_for_auth.html.erb (0.7ms)
  Rendered layouts/_navigation.html.erb (2.3ms)
  Rendered layouts/_messages.html.erb (0.3ms)
Completed 200 OK in 57ms (Views: 55.2ms | ActiveRecord: 0.4ms)


Started GET "/pages/about" for 127.0.0.1 at 2018-05-25 11:43:37 +0530
Processing by HighVoltage::PagesController#show as HTML
  Parameters: {"id"=>"about"}
  Rendering pages/about.html.erb within layouts/application
  Rendered pages/about.html.erb within layouts/application (0.5ms)
  Rendered layouts/_navigation_links.html.erb (0.7ms)
  Rendered layouts/_nav_links_for_auth.html.erb (1.3ms)
  Rendered layouts/_navigation.html.erb (4.3ms)
  Rendered layouts/_messages.html.erb (0.7ms)
Completed 200 OK in 54ms (Views: 53.2ms | ActiveRecord: 0.0ms)


Started GET "/users/sign_in" for 127.0.0.1 at 2018-05-25 11:43:38 +0530
Processing by Devise::SessionsController#new as HTML
  Rendering devise/sessions/new.html.erb within layouts/application
  Rendered devise/sessions/new.html.erb within layouts/application (558.0ms)
  Rendered layouts/_navigation_links.html.erb (0.4ms)
  Rendered layouts/_nav_links_for_auth.html.erb (1.7ms)
  Rendered layouts/_navigation.html.erb (3.6ms)
  Rendered layouts/_messages.html.erb (0.5ms)
Completed 200 OK in 631ms (Views: 616.8ms | ActiveRecord: 0.5ms)


Started GET "/users/sign_up" for 127.0.0.1 at 2018-05-25 11:43:40 +0530
Processing by Devise::RegistrationsController#new as HTML
  Rendering devise/registrations/new.html.erb within layouts/application
  Rendered devise/registrations/new.html.erb within layouts/application (2.3ms)
  Rendered layouts/_navigation_links.html.erb (0.4ms)
  Rendered layouts/_nav_links_for_auth.html.erb (0.7ms)
  Rendered layouts/_navigation.html.erb (2.4ms)
  Rendered layouts/_messages.html.erb (0.4ms)
Completed 200 OK in 89ms (Views: 87.7ms | ActiveRecord: 0.0ms)


Started GET "/" for 127.0.0.1 at 2018-05-25 11:43:43 +0530
Processing by VisitorsController#index as HTML
  Rendering visitors/index.html.erb within layouts/application
  [1m[35m (0.1ms)[0m  [1m[34mSELECT COUNT(*) FROM "users"[0m
  Rendered visitors/index.html.erb within layouts/application (1.5ms)
  Rendered layouts/_navigation_links.html.erb (0.4ms)
  Rendered layouts/_nav_links_for_auth.html.erb (0.7ms)
  Rendered layouts/_navigation.html.erb (2.5ms)
  Rendered layouts/_messages.html.erb (0.4ms)
Completed 200 OK in 67ms (Views: 65.0ms | ActiveRecord: 0.1ms)


